<?xml version="1.0" encoding="UTF-8"?>
<!-- Generated by org.testng.reporters.JUnitReportReporter -->
<testsuite skipped="0" hostname="Rana-Laptop" name="com.runner.ZooplaRunner" tests="1" failures="0" timestamp="15 Aug 2020 21:29:19 GMT" time="17.528" errors="0">
  <testcase name="runScenario" time="17.528" classname="com.runner.ZooplaRunner"/>
</testsuite> <!-- com.runner.ZooplaRunner -->
