<?xml version="1.0" encoding="UTF-8"?>
<!-- Generated by org.testng.reporters.JUnitReportReporter -->
<testsuite skipped="0" hostname="Rana-Laptop" name="com.testng.practice.BasicAnnotationWithZoopla" tests="1" failures="0" timestamp="15 Aug 2020 21:00:25 GMT" time="34.641" errors="0">
  <testcase name="test" time="34.641" classname="com.testng.practice.BasicAnnotationWithZoopla"/>
</testsuite> <!-- com.testng.practice.BasicAnnotationWithZoopla -->
