<?xml version="1.0" encoding="UTF-8"?>
<!-- Generated by org.testng.reporters.JUnitReportReporter -->
<testsuite skipped="0" hostname="DESKTOP-S6JBVRO" name="com.testng.practice.BasicZooplaAnnotation" tests="1" failures="0" timestamp="15 Jun 2020 04:56:44 GMT" time="0.002" errors="0">
  <testcase name="login" time="0.002" classname="com.testng.practice.BasicZooplaAnnotation"/>
</testsuite> <!-- com.testng.practice.BasicZooplaAnnotation -->
